<?xml version="1.0" encoding="UTF-8"?>
<!-- Generated by org.testng.reporters.JUnitReportReporter -->
<testsuite hostname="DESKTOP-LBLSJ3C" failures="0" tests="3" name="Testng_advantages.Disable_TC_Using_Keyword" time="0.025" errors="0" timestamp="2022-08-25T12:52:00 IST" skipped="1">
  <testcase classname="Testng_advantages.Disable_TC_Using_Keyword" name="Tc1" time="0.006"/>
  <system-out>
    <![CDATA[Running TC1]]>
  </system-out>
  <testcase classname="Testng_advantages.Disable_TC_Using_Keyword" name="TC2" time="0.019"/>
  <system-out>
    <![CDATA[Running TC2]]>
  </system-out>
  <testcase classname="Testng_advantages.Disable_TC_Using_Keyword" name="TC3">
    <skipped/>
  </testcase> <!-- TC3 -->
  <system-out/>
</testsuite> <!-- Testng_advantages.Disable_TC_Using_Keyword -->
