<?xml version="1.0" encoding="UTF-8"?>
<!-- Generated by org.testng.reporters.JUnitReportReporter -->
<testsuite hostname="DESKTOP-LBLSJ3C" failures="0" tests="1" name="Sample_Testng.A" time="0.031" errors="0" timestamp="2022-08-24T11:34:26 IST" skipped="0">
  <testcase classname="Sample_Testng.A" name="verifyuserid" time="0.031"/>
  <system-out>
    <![CDATA[Verify user id]]>
  </system-out>
</testsuite> <!-- Sample_Testng.A -->
