<?xml version="1.0" encoding="UTF-8"?>
<!-- Generated by org.testng.reporters.JUnitReportReporter -->
<testsuite hostname="DESKTOP-LBLSJ3C" failures="0" tests="3" name="Testng_advantages.Failed_Tc" time="0.024" errors="0" timestamp="2022-08-25T13:14:52 IST" skipped="0">
  <testcase classname="Testng_advantages.Failed_Tc" name="TC3" time="0.001"/>
  <system-out>
    <![CDATA[Running TC3]]>
  </system-out>
  <testcase classname="Testng_advantages.Failed_Tc" name="TC2" time="0.003"/>
  <system-out>
    <![CDATA[Running TC2]]>
  </system-out>
  <testcase classname="Testng_advantages.Failed_Tc" name="TC1" time="0.020"/>
  <system-out>
    <![CDATA[Running TC1]]>
  </system-out>
</testsuite> <!-- Testng_advantages.Failed_Tc -->
