<?xml version="1.0" encoding="UTF-8"?>
<!-- Generated by org.testng.reporters.JUnitReportReporter -->
<testsuite hostname="DESKTOP-LBLSJ3C" failures="0" tests="2" name="Testng_advantages.Disable_TC_Using_Test_Suit" time="0.024" errors="0" timestamp="2022-08-25T13:03:12 IST" skipped="0">
  <testcase classname="Testng_advantages.Disable_TC_Using_Test_Suit" name="TC3" time="0.006"/>
  <system-out>
    <![CDATA[Running TC3]]>
  </system-out>
  <testcase classname="Testng_advantages.Disable_TC_Using_Test_Suit" name="TC1" time="0.018"/>
  <system-out>
    <![CDATA[Running TC1]]>
  </system-out>
</testsuite> <!-- Testng_advantages.Disable_TC_Using_Test_Suit -->
