<?xml version="1.0" encoding="UTF-8"?>
<!-- Generated by org.testng.reporters.JUnitReportReporter -->
<testsuite hostname="DESKTOP-LBLSJ3C" failures="0" tests="1" name="Sample_Testng.AB" time="0.065" errors="0" timestamp="2022-08-24T11:36:26 IST" skipped="0">
  <testcase classname="Sample_Testng.AB" name="TC" time="0.065"/>
  <system-out>
    <![CDATA[hiii]]>
  </system-out>
</testsuite> <!-- Sample_Testng.AB -->
