<?xml version="1.0" encoding="UTF-8"?>
<!-- Generated by org.testng.reporters.JUnitReportReporter -->
<testsuite hostname="DESKTOP-LBLSJ3C" failures="0" tests="1" name="Testng_advantages.Annotations" time="0.071" errors="0" timestamp="2022-08-27T19:50:34 IST" skipped="0">
  <testcase classname="Testng_advantages.Annotations" name="VerifyUserId" time="0.071"/>
  <system-out>
    <![CDATA[Verify user ID]]>
  </system-out>
</testsuite> <!-- Testng_advantages.Annotations -->
