<?xml version="1.0" encoding="UTF-8"?>
<!-- Generated by org.testng.reporters.JUnitReportReporter -->
<testsuite hostname="DESKTOP-LBLSJ3C" failures="0" tests="3" name="Testng_advantages.Sample1" time="0.023" errors="0" timestamp="2022-08-25T12:46:12 IST" skipped="0">
  <testcase classname="Testng_advantages.Sample1" name="TC2" time="0.004"/>
  <system-out>
    <![CDATA[Running TC2]]>
  </system-out>
  <testcase classname="Testng_advantages.Sample1" name="TC1" time="0.017"/>
  <system-out>
    <![CDATA[Running TC1]]>
  </system-out>
  <testcase classname="Testng_advantages.Sample1" name="TC3" time="0.002"/>
  <system-out>
    <![CDATA[Running TC3]]>
  </system-out>
</testsuite> <!-- Testng_advantages.Sample1 -->
