<?xml version="1.0" encoding="UTF-8"?>
<!-- Generated by org.testng.reporters.JUnitReportReporter -->
<testsuite hostname="DESKTOP-LBLSJ3C" failures="0" tests="1" name="Testng_advantages.timeout" time="0.038" errors="0" timestamp="2022-08-25T12:45:25 IST" skipped="0">
  <testcase classname="Testng_advantages.timeout" name="TC" time="0.038"/>
  <system-out>
    <![CDATA[Running Tc]]>
  </system-out>
</testsuite> <!-- Testng_advantages.timeout -->
