<?xml version="1.0" encoding="UTF-8"?>
<!-- Generated by org.testng.reporters.JUnitReportReporter -->
<testsuite hostname="DESKTOP-LBLSJ3C" failures="0" tests="1" name="Testng_advantages.Emailable_Report$Emailable" time="0.056" errors="0" timestamp="2022-08-25T12:45:25 IST" skipped="0">
  <testcase classname="Testng_advantages.Emailable_Report$Emailable" name="TC" time="0.056"/>
  <system-out>
    <![CDATA[hiii]]>
  </system-out>
</testsuite> <!-- Testng_advantages.Emailable_Report$Emailable -->
