<?xml version="1.0" encoding="UTF-8"?>
<!-- Generated by org.testng.reporters.JUnitReportReporter -->
<testsuite hostname="DESKTOP-LBLSJ3C" failures="0" tests="5" name="Testng_advantages.Priority" time="0.068" errors="0" timestamp="2022-08-25T12:45:24 IST" skipped="1">
  <testcase classname="Testng_advantages.Priority" name="TC2" time="0.017"/>
  <system-out>
    <![CDATA[Good Morning]]>
  </system-out>
  <testcase classname="Testng_advantages.Priority" name="TC3" time="0.019"/>
  <system-out>
    <![CDATA[Friends]]>
  </system-out>
  <testcase classname="Testng_advantages.Priority" name="TC5" time="0.025"/>
  <system-out>
    <![CDATA[How r u]]>
  </system-out>
  <testcase classname="Testng_advantages.Priority" name="TC4" time="0.007"/>
  <system-out>
    <![CDATA[I am Fine]]>
  </system-out>
  <testcase classname="Testng_advantages.Priority" name="TC1">
    <skipped/>
  </testcase> <!-- TC1 -->
  <system-out/>
</testsuite> <!-- Testng_advantages.Priority -->
