<?xml version="1.0" encoding="UTF-8"?>
<!-- Generated by org.testng.reporters.JUnitReportReporter -->
<testsuite hostname="DESKTOP-LBLSJ3C" failures="0" tests="3" name="Testng_advantages.Sample3" time="0.009" errors="0" timestamp="2022-08-25T12:46:11 IST" skipped="0">
  <testcase classname="Testng_advantages.Sample3" name="TC8" time="0.003"/>
  <system-out>
    <![CDATA[Running TC 8]]>
  </system-out>
  <testcase classname="Testng_advantages.Sample3" name="TC7" time="0.003"/>
  <system-out>
    <![CDATA[Running TC 7]]>
  </system-out>
  <testcase classname="Testng_advantages.Sample3" name="TC9" time="0.003"/>
  <system-out>
    <![CDATA[Running TC 9]]>
  </system-out>
</testsuite> <!-- Testng_advantages.Sample3 -->
