<?xml version="1.0" encoding="UTF-8"?>
<!-- Generated by org.testng.reporters.JUnitReportReporter -->
<testsuite hostname="DESKTOP-LBLSJ3C" failures="0" tests="5" name="Testng_advantages.Flags" time="0.088" errors="0" timestamp="2022-08-25T12:45:25 IST" skipped="0">
  <testcase classname="Testng_advantages.Flags" name="TC" time="0.005"/>
  <system-out>
    <![CDATA[Running TC]]>
  </system-out>
  <testcase classname="Testng_advantages.Flags" name="TC" time="0.014"/>
  <system-out>
    <![CDATA[Running TC]]>
  </system-out>
  <testcase classname="Testng_advantages.Flags" name="TC" time="0.010"/>
  <system-out>
    <![CDATA[Running TC]]>
  </system-out>
  <testcase classname="Testng_advantages.Flags" name="TC" time="0.013"/>
  <system-out>
    <![CDATA[Running TC]]>
  </system-out>
  <testcase classname="Testng_advantages.Flags" name="TC" time="0.046"/>
  <system-out>
    <![CDATA[Running TC]]>
  </system-out>
</testsuite> <!-- Testng_advantages.Flags -->
