<?xml version="1.0" encoding="UTF-8"?>
<!-- Generated by org.testng.reporters.JUnitReportReporter -->
<testsuite hostname="DESKTOP-LBLSJ3C" failures="0" tests="3" name="Testng_advantages.Sample2" time="0.010" errors="0" timestamp="2022-08-25T12:46:12 IST" skipped="0">
  <testcase classname="Testng_advantages.Sample2" name="TC6" time="0.002"/>
  <system-out>
    <![CDATA[Running TC 6]]>
  </system-out>
  <testcase classname="Testng_advantages.Sample2" name="TC5" time="0.006"/>
  <system-out>
    <![CDATA[Running TC 5]]>
  </system-out>
  <testcase classname="Testng_advantages.Sample2" name="TC4" time="0.002"/>
  <system-out>
    <![CDATA[Running TC 4]]>
  </system-out>
</testsuite> <!-- Testng_advantages.Sample2 -->
